C51 COMPILER V9.54   LCD                                                                   03/03/2022 18:20:12 PAGE 1   


C51 COMPILER V9.54, COMPILATION OF MODULE LCD
OBJECT MODULE PLACED IN .\obj\lcd.obj
COMPILER INVOKED BY: C:\Keil\v5\C51\BIN\C51.EXE lcd.c OPTIMIZE(8,SPEED) BROWSE DEBUG OBJECTEXTEND OBJECT(.\obj\lcd.obj)

line level    source

   1          
   2          #include "lcd.h"
   3          
   4          
   5           /*12864判忙 */
   6          bit Chek_Busy(void)
   7          {
   8   1          //return 1;
   9   1              DataPort = 0xff;
  10   1          RW = 1;
  11   1          RS = 0;
  12   1          E = 1;
  13   1          E = 0;
  14   1          return (bit)(DataPort & 0x80);
  15   1      }
  16          /*------------------------------------------------
  17                      选屏
  18          i:0是左屏,1是右屏,2全屏
  19          ------------------------------------------------*/
  20          void Choose_12864(unsigned char i)
  21          {                                                
  22   1         switch (i)                    
  23   1         {
  24   2             case 0: CS1 = 0;CS2 = 1;break;   
  25   2             case 1: CS1 = 1;CS2 = 0;break;
  26   2             case 2: CS1 = 0;CS2 = 0;break;
  27   2                 default: break;
  28   2         }
  29   1      }
  30          /*------------------------------------------------
  31                  写命令
  32          ------------------------------------------------*/
  33          void LCD_Cmd(unsigned char cmd)
  34          {
  35   1          //while(Chek_Busy());
  36   1          RW = 0;              
  37   1          RS = 0;
  38   1          DataPort = cmd;
  39   1          E = 1;
  40   1          E = 0;          
  41   1      }
  42          /*------------------------------------------------
  43                  读LCD
  44          ------------------------------------------------*/
  45          unsigned char LCD_Read()
  46          {
  47   1          unsigned char read_data;
  48   1          while(Chek_Busy());
  49   1          RW = 1;//需进行一次空读
  50   1          RS = 1;
  51   1          E = 1;
  52   1          E = 0;
  53   1      
  54   1          RW = 1;
  55   1          RS = 1;
C51 COMPILER V9.54   LCD                                                                   03/03/2022 18:20:12 PAGE 2   

  56   1          E = 1;
  57   1          read_data = DataPort;
  58   1          E = 0;        
  59   1          return (read_data);    
  60   1      }
  61          /*------------------------------------------------
  62                  写数据
  63          ------------------------------------------------*/
  64          void  LCD_Data(unsigned char dat)
  65          {
  66   1          //while(Chek_Busy());
  67   1          RW = 0;              
  68   1          RS = 1;
  69   1          DataPort = dat;
  70   1          E = 1;
  71   1          E = 0; 
  72   1      }
  73          /*------------------------------------------------
  74                       设置地址
  75          PAGE:0-7;
  76          Y_Address:0-63
  77          ------------------------------------------------*/
  78          void Set_PageY(unsigned char PAGE,unsigned char Y_Address)
  79          {
  80   1          LCD_Cmd(0xB8 + PAGE);
  81   1          LCD_Cmd(0x40 + Y_Address);
  82   1      }
  83          /*------------------------------------------------
  84                          清屏
  85          ------------------------------------------------*/
  86          void LCD_Clear(void)
  87          {
  88   1          unsigned char page,row;
  89   1          Choose_12864(2);
  90   1          for (page = 0xb8; page < 0xc0; page ++)
  91   1          {
  92   2              LCD_Cmd(page);
  93   2              LCD_Cmd(0x40);
  94   2              for (row = 0; row < 64; row ++)
  95   2              {
  96   3                  LCD_Data(0x00);//对12864所有地址全部写零
  97   3              }
  98   2          }
  99   1      }
 100          /*------------------------------------------------
 101                         初始化
 102          ------------------------------------------------*/
 103          void LCD_Init(void)
 104          {
 105   1          CS2 = 0;
 106   1          CS1 = 0;
 107   1          LCD_Cmd(0x3F);//开显示
 108   1      }
 109          /*-------------------------------------------------
 110              显示一幅12864图片
 111          -------------------------------------------------*/
 112          void Dis_Picture(unsigned char *picture)
 113          {
 114   1          unsigned char ii,kk;
 115   1              //LCD_Clear();
 116   1          for (kk = 0; kk < 4; kk ++)//LCD共分7=8页
 117   1          {
C51 COMPILER V9.54   LCD                                                                   03/03/2022 18:20:12 PAGE 3   

 118   2              Choose_12864(2);
 119   2              Set_PageY(kk,0);
 120   2              Choose_12864(0);        
 121   2              for (ii = 0; ii < 128; ii ++)
 122   2              {
 123   3                  LCD_Data(*picture);
 124   3                  picture ++;
 125   3                  if (ii == 63)
 126   3                  {
 127   4                      Choose_12864(1);
 128   4                  }
 129   3              }
 130   2          }
 131   1      }
 132          void Dis_Pictureb(unsigned char *picture)
 133          {
 134   1          unsigned char ii,kk;
 135   1              //LCD_Clear();
 136   1          for (kk = 4; kk < 8; kk ++)//LCD共分7=8页
 137   1          {
 138   2              Choose_12864(2);
 139   2              Set_PageY(kk,0);
 140   2              Choose_12864(0);        
 141   2              for (ii = 0; ii < 128; ii ++)
 142   2              {
 143   3                  LCD_Data(*picture);
 144   3                  picture ++;
 145   3                  if (ii == 63)
 146   3                  {
 147   4                      Choose_12864(1);
 148   4                  }
 149   3              }
 150   2          }
 151   1      }
 152          void delayus(unsigned char t)
 153          {
 154   1          while(--t);
 155   1      }
 156          void delayms(unsigned char t)
 157          {
 158   1          while(t--)
 159   1          {
 160   2              delayus(245);
 161   2              delayus(245);
 162   2          }
 163   1      }


MODULE INFORMATION:   STATIC OVERLAYABLE
   CODE SIZE        =    253    ----
   CONSTANT SIZE    =   ----    ----
   XDATA SIZE       =   ----    ----
   PDATA SIZE       =   ----    ----
   DATA SIZE        =   ----    ----
   IDATA SIZE       =   ----    ----
   BIT SIZE         =   ----    ----
END OF MODULE INFORMATION.


C51 COMPILATION COMPLETE.  0 WARNING(S),  0 ERROR(S)
